[2025-12-01 15:43:03] Account created: 693962137 (Gerald)
[2025-12-01 15:43:28] Account created: 8392421 (Ali)
[2025-12-01 15:43:46] Deposit: 50000.00 to 693962137
[2025-12-01 15:44:07] Deposit: 50000.00 to 8392421
[2025-12-01 16:36:59] Account created: 33317926 (Ali)
[2025-12-01 16:37:20] Account deleted: 8950350
[2025-12-01 16:38:08] Account deleted: 33317926
[2025-12-01 16:38:24] Account created: 343910327 (Gerald)
[2025-12-01 16:38:47] Deposit: 5000.00 to 343910327
[2025-12-01 16:39:30] Account created: 907407585 (Ali)
[2025-12-01 16:39:45] Deposit: 250.00 to 907407585
[2025-12-01 16:40:08] Withdrawal: 50.00 from 343910327
[2025-12-01 16:40:23] Remittance: 50.00 from 343910327 to 907407585 (fee 1.00)
[2025-12-01 16:40:37] Remittance: 50.00 from 907407585 to 343910327 (fee 1.50)
[2025-12-01 16:41:00] Account created: 560376231 (Muthu)
[2025-12-01 16:41:11] Account deleted: 560376231
[2025-12-02 10:17:02] Account created: 20905624 (adadad)
[2025-12-02 12:28:52] Account created: 9132334 (aidan kow zen chi)
[2025-12-02 12:30:14] Deposit: 9090.00 to 9132334
[2025-12-02 12:30:42] Withdrawal: 9090.00 from 9132334
[2025-12-02 12:31:32] Deposit: 5000.00 to 9132334
[2025-12-02 12:31:49] Remittance: 5000.00 from 9132334 to 20905624 (fee 0.00)
[2025-12-02 12:32:20] Deposit: 5000.00 to 9132334
[2025-12-02 12:32:54] Remittance: 4900.00 from 9132334 to 907407585 (fee 98.00)
[2025-12-02 12:35:08] Deposit: 0.10 to 9132334
[2025-12-02 12:35:42] Deposit: 12345.16 to 9132334
[2025-12-02 12:35:53] Withdrawal: 12347.26 from 9132334
[2025-12-02 12:36:06] Deposit: 5000.16 to 9132334
[2025-12-02 12:36:16] Withdrawal: 5000.16 from 9132334
[2025-12-02 12:36:54] Account deleted: 343910327
[2025-12-02 12:37:08] Account deleted: 9132334
[2025-12-02 12:37:27] Account deleted: 907407585
[2025-12-02 12:37:49] Account deleted: 20905624
[2025-12-02 12:38:39] Account created: 933862678 (                      a)
[2025-12-02 12:39:07] Account deleted: 933862678
[2025-12-02 12:39:50] Account created: 54768887 (aidan)
[2025-12-02 12:40:09] Account created: 586831324 (aidan)
[2025-12-02 12:40:19] Account created: 4100167 (aidan)
[2025-12-02 12:40:32] Account deleted: 54768887
[2025-12-02 12:42:39] Deposit: 80.00 to 4100167
[2025-12-02 12:42:59] Deposit: 1.00 to 4100167
[2025-12-02 12:43:22] Deposit: 50000.00 to 4100167
[2025-12-02 12:45:00] Account created: 282750197 (aidan)
[2025-12-02 17:37:27] Account deleted: 282750197
[2025-12-02 17:37:53] Deposit: 5000.00 to 586831324
[2025-12-02 17:49:31] Withdrawal: 50.00 from 586831324
[2025-12-02 17:49:51] Remittance: 50.00 from 586831324 to 4100167 (fee 1.00)
[2025-12-02 17:50:09] Remittance: 50.00 from 4100167 to 586831324 (fee 1.50)
